library/build/outputs/logs/manifest-merger-debug-report.txt
-- Merging decision tree log ---
manifest
ADDED from src/main/AndroidManifest.xml:17:1-27:12
INJECTED from src/main/AndroidManifest.xml:17:1-27:12
INJECTED from src/main/AndroidManifest.xml:17:1-27:12
	package
		ADDED from src/main/AndroidManifest.xml:18:5-43
		INJECTED from src/main/AndroidManifest.xml
		INJECTED from src/main/AndroidManifest.xml
	xmlns:android
		ADDED from src/main/AndroidManifest.xml:17:11-69
uses-sdk
ADDED from src/main/AndroidManifest.xml:25:3-70
INJECTED from src/main/AndroidManifest.xml:25:3-70
INJECTED from src/main/AndroidManifest.xml:25:3-70
INJECTED from src/main/AndroidManifest.xml:25:3-70
INJECTED from src/main/AndroidManifest.xml:25:3-70
	android:targetSdkVersion
		ADDED from src/main/AndroidManifest.xml:25:39-68
		INJECTED from src/main/AndroidManifest.xml
		INJECTED from src/main/AndroidManifest.xml
	android:minSdkVersion
		ADDED from src/main/AndroidManifest.xml:25:13-38
		INJECTED from src/main/AndroidManifest.xml
		INJECTED from src/main/AndroidManifest.xml